<?xml version="1.0" encoding="UTF-8"?>
<testng-results ignored="0" total="5" passed="5" failed="0" skipped="0">
  <reporter-output>
  </reporter-output>
  <suite started-at="2024-12-25T14:35:15 IST" name="ElPaisTestSuite" finished-at="2024-12-25T14:36:33 IST" duration-ms="77401">
    <groups>
    </groups>
    <test started-at="2024-12-25T14:35:15 IST" name="Firefox_Win10" finished-at="2024-12-25T14:35:50 IST" duration-ms="34590">
      <class name="BrowserStack.ElPaisTest.BrowserStackExampleTest">
        <test-method is-config="true" signature="setUp(java.lang.String,java.lang.String,java.lang.String,java.lang.String,java.lang.String,java.lang.String)[pri:0, instance:BrowserStack.ElPaisTest.BrowserStackExampleTest@1cf6d1be]" started-at="2024-12-25T14:35:15 IST" name="setUp" finished-at="2024-12-25T14:35:36 IST" duration-ms="20310" status="PASS">
          <params>
            <param index="0">
              <value>
                <![CDATA[Windows]]>
              </value>
            </param>
            <param index="1">
              <value>
                <![CDATA[10]]>
              </value>
            </param>
            <param index="2">
              <value>
                <![CDATA[Firefox]]>
              </value>
            </param>
            <param index="3">
              <value>
                <![CDATA[latest]]>
              </value>
            </param>
            <param index="4">
              <value>
                <![CDATA[]]>
              </value>
            </param>
            <param index="5">
              <value>
                <![CDATA[]]>
              </value>
            </param>
          </params>
          <reporter-output>
          </reporter-output>
        </test-method> <!-- setUp -->
        <test-method signature="testScrapeElPaisOpinionOnBrowserStack()[pri:0, instance:BrowserStack.ElPaisTest.BrowserStackExampleTest@1cf6d1be]" started-at="2024-12-25T14:35:36 IST" name="testScrapeElPaisOpinionOnBrowserStack" finished-at="2024-12-25T14:35:49 IST" duration-ms="12843" status="PASS">
          <reporter-output>
          </reporter-output>
        </test-method> <!-- testScrapeElPaisOpinionOnBrowserStack -->
        <test-method is-config="true" signature="tearDown()[pri:0, instance:BrowserStack.ElPaisTest.BrowserStackExampleTest@1cf6d1be]" started-at="2024-12-25T14:35:49 IST" name="tearDown" finished-at="2024-12-25T14:35:50 IST" duration-ms="1337" status="PASS">
          <reporter-output>
          </reporter-output>
        </test-method> <!-- tearDown -->
      </class> <!-- BrowserStack.ElPaisTest.BrowserStackExampleTest -->
    </test> <!-- Firefox_Win10 -->
    <test started-at="2024-12-25T14:35:15 IST" name="Chrome_Win10" finished-at="2024-12-25T14:35:54 IST" duration-ms="38731">
      <class name="BrowserStack.ElPaisTest.BrowserStackExampleTest">
        <test-method is-config="true" signature="setUp(java.lang.String,java.lang.String,java.lang.String,java.lang.String,java.lang.String,java.lang.String)[pri:0, instance:BrowserStack.ElPaisTest.BrowserStackExampleTest@771a660]" started-at="2024-12-25T14:35:15 IST" name="setUp" finished-at="2024-12-25T14:35:38 IST" duration-ms="22941" status="PASS">
          <params>
            <param index="0">
              <value>
                <![CDATA[Windows]]>
              </value>
            </param>
            <param index="1">
              <value>
                <![CDATA[10]]>
              </value>
            </param>
            <param index="2">
              <value>
                <![CDATA[Chrome]]>
              </value>
            </param>
            <param index="3">
              <value>
                <![CDATA[latest]]>
              </value>
            </param>
            <param index="4">
              <value>
                <![CDATA[]]>
              </value>
            </param>
            <param index="5">
              <value>
                <![CDATA[]]>
              </value>
            </param>
          </params>
          <reporter-output>
          </reporter-output>
        </test-method> <!-- setUp -->
        <test-method signature="testScrapeElPaisOpinionOnBrowserStack()[pri:0, instance:BrowserStack.ElPaisTest.BrowserStackExampleTest@771a660]" started-at="2024-12-25T14:35:38 IST" name="testScrapeElPaisOpinionOnBrowserStack" finished-at="2024-12-25T14:35:53 IST" duration-ms="14326" status="PASS">
          <reporter-output>
          </reporter-output>
        </test-method> <!-- testScrapeElPaisOpinionOnBrowserStack -->
        <test-method is-config="true" signature="tearDown()[pri:0, instance:BrowserStack.ElPaisTest.BrowserStackExampleTest@771a660]" started-at="2024-12-25T14:35:53 IST" name="tearDown" finished-at="2024-12-25T14:35:54 IST" duration-ms="1375" status="PASS">
          <reporter-output>
          </reporter-output>
        </test-method> <!-- tearDown -->
      </class> <!-- BrowserStack.ElPaisTest.BrowserStackExampleTest -->
    </test> <!-- Chrome_Win10 -->
    <test started-at="2024-12-25T14:35:50 IST" name="Safari_macOS" finished-at="2024-12-25T14:36:09 IST" duration-ms="18627">
      <class name="BrowserStack.ElPaisTest.BrowserStackExampleTest">
        <test-method is-config="true" signature="setUp(java.lang.String,java.lang.String,java.lang.String,java.lang.String,java.lang.String,java.lang.String)[pri:0, instance:BrowserStack.ElPaisTest.BrowserStackExampleTest@5149d738]" started-at="2024-12-25T14:35:50 IST" name="setUp" finished-at="2024-12-25T14:35:54 IST" duration-ms="4102" status="PASS">
          <params>
            <param index="0">
              <value>
                <![CDATA[OS X]]>
              </value>
            </param>
            <param index="1">
              <value>
                <![CDATA[Monterey]]>
              </value>
            </param>
            <param index="2">
              <value>
                <![CDATA[Safari]]>
              </value>
            </param>
            <param index="3">
              <value>
                <![CDATA[latest]]>
              </value>
            </param>
            <param index="4">
              <value>
                <![CDATA[]]>
              </value>
            </param>
            <param index="5">
              <value>
                <![CDATA[]]>
              </value>
            </param>
          </params>
          <reporter-output>
          </reporter-output>
        </test-method> <!-- setUp -->
        <test-method signature="testScrapeElPaisOpinionOnBrowserStack()[pri:0, instance:BrowserStack.ElPaisTest.BrowserStackExampleTest@5149d738]" started-at="2024-12-25T14:35:54 IST" name="testScrapeElPaisOpinionOnBrowserStack" finished-at="2024-12-25T14:36:07 IST" duration-ms="13030" status="PASS">
          <reporter-output>
          </reporter-output>
        </test-method> <!-- testScrapeElPaisOpinionOnBrowserStack -->
        <test-method is-config="true" signature="tearDown()[pri:0, instance:BrowserStack.ElPaisTest.BrowserStackExampleTest@5149d738]" started-at="2024-12-25T14:36:07 IST" name="tearDown" finished-at="2024-12-25T14:36:09 IST" duration-ms="1492" status="PASS">
          <reporter-output>
          </reporter-output>
        </test-method> <!-- tearDown -->
      </class> <!-- BrowserStack.ElPaisTest.BrowserStackExampleTest -->
    </test> <!-- Safari_macOS -->
    <test started-at="2024-12-25T14:35:54 IST" name="iPhone_14" finished-at="2024-12-25T14:36:23 IST" duration-ms="29433">
      <class name="BrowserStack.ElPaisTest.BrowserStackExampleTest">
        <test-method is-config="true" signature="setUp(java.lang.String,java.lang.String,java.lang.String,java.lang.String,java.lang.String,java.lang.String)[pri:0, instance:BrowserStack.ElPaisTest.BrowserStackExampleTest@4b013c76]" started-at="2024-12-25T14:35:54 IST" name="setUp" finished-at="2024-12-25T14:36:13 IST" duration-ms="18576" status="PASS">
          <params>
            <param index="0">
              <value>
                <![CDATA[]]>
              </value>
            </param>
            <param index="1">
              <value>
                <![CDATA[]]>
              </value>
            </param>
            <param index="2">
              <value>
                <![CDATA[]]>
              </value>
            </param>
            <param index="3">
              <value>
                <![CDATA[]]>
              </value>
            </param>
            <param index="4">
              <value>
                <![CDATA[iPhone 14]]>
              </value>
            </param>
            <param index="5">
              <value>
                <![CDATA[true]]>
              </value>
            </param>
          </params>
          <reporter-output>
          </reporter-output>
        </test-method> <!-- setUp -->
        <test-method signature="testScrapeElPaisOpinionOnBrowserStack()[pri:0, instance:BrowserStack.ElPaisTest.BrowserStackExampleTest@4b013c76]" started-at="2024-12-25T14:36:13 IST" name="testScrapeElPaisOpinionOnBrowserStack" finished-at="2024-12-25T14:36:22 IST" duration-ms="9431" status="PASS">
          <reporter-output>
          </reporter-output>
        </test-method> <!-- testScrapeElPaisOpinionOnBrowserStack -->
        <test-method is-config="true" signature="tearDown()[pri:0, instance:BrowserStack.ElPaisTest.BrowserStackExampleTest@4b013c76]" started-at="2024-12-25T14:36:22 IST" name="tearDown" finished-at="2024-12-25T14:36:23 IST" duration-ms="1420" status="PASS">
          <reporter-output>
          </reporter-output>
        </test-method> <!-- tearDown -->
      </class> <!-- BrowserStack.ElPaisTest.BrowserStackExampleTest -->
    </test> <!-- iPhone_14 -->
    <test started-at="2024-12-25T14:36:09 IST" name="Galaxy_S23" finished-at="2024-12-25T14:36:33 IST" duration-ms="24088">
      <class name="BrowserStack.ElPaisTest.BrowserStackExampleTest">
        <test-method is-config="true" signature="setUp(java.lang.String,java.lang.String,java.lang.String,java.lang.String,java.lang.String,java.lang.String)[pri:0, instance:BrowserStack.ElPaisTest.BrowserStackExampleTest@7bba5817]" started-at="2024-12-25T14:36:09 IST" name="setUp" finished-at="2024-12-25T14:36:20 IST" duration-ms="11286" status="PASS">
          <params>
            <param index="0">
              <value>
                <![CDATA[]]>
              </value>
            </param>
            <param index="1">
              <value>
                <![CDATA[]]>
              </value>
            </param>
            <param index="2">
              <value>
                <![CDATA[]]>
              </value>
            </param>
            <param index="3">
              <value>
                <![CDATA[]]>
              </value>
            </param>
            <param index="4">
              <value>
                <![CDATA[Samsung Galaxy S23]]>
              </value>
            </param>
            <param index="5">
              <value>
                <![CDATA[true]]>
              </value>
            </param>
          </params>
          <reporter-output>
          </reporter-output>
        </test-method> <!-- setUp -->
        <test-method signature="testScrapeElPaisOpinionOnBrowserStack()[pri:0, instance:BrowserStack.ElPaisTest.BrowserStackExampleTest@7bba5817]" started-at="2024-12-25T14:36:20 IST" name="testScrapeElPaisOpinionOnBrowserStack" finished-at="2024-12-25T14:36:31 IST" duration-ms="11538" status="PASS">
          <reporter-output>
          </reporter-output>
        </test-method> <!-- testScrapeElPaisOpinionOnBrowserStack -->
        <test-method is-config="true" signature="tearDown()[pri:0, instance:BrowserStack.ElPaisTest.BrowserStackExampleTest@7bba5817]" started-at="2024-12-25T14:36:31 IST" name="tearDown" finished-at="2024-12-25T14:36:33 IST" duration-ms="1258" status="PASS">
          <reporter-output>
          </reporter-output>
        </test-method> <!-- tearDown -->
      </class> <!-- BrowserStack.ElPaisTest.BrowserStackExampleTest -->
    </test> <!-- Galaxy_S23 -->
  </suite> <!-- ElPaisTestSuite -->
</testng-results>
