<?xml version="1.0" encoding="UTF-8"?>
<testng-results ignored="0" total="5" passed="5" failed="0" skipped="0">
  <reporter-output>
  </reporter-output>
  <suite started-at="2024-12-25T19:16:12 IST" name="ElPaisTestSuite" finished-at="2024-12-25T19:17:06 IST" duration-ms="53688">
    <groups>
    </groups>
    <test started-at="2024-12-25T19:16:12 IST" name="Firefox_Win10" finished-at="2024-12-25T19:16:33 IST" duration-ms="20789">
      <class name="BrowserStack.ElPaisTest.BrowserStackExampleTest">
        <test-method is-config="true" signature="setUp(java.lang.String,java.lang.String,java.lang.String,java.lang.String,java.lang.String,java.lang.String)[pri:0, instance:BrowserStack.ElPaisTest.BrowserStackExampleTest@1cf6d1be]" started-at="2024-12-25T19:16:12 IST" name="setUp" finished-at="2024-12-25T19:16:24 IST" duration-ms="12073" status="PASS">
          <params>
            <param index="0">
              <value>
                <![CDATA[Windows]]>
              </value>
            </param>
            <param index="1">
              <value>
                <![CDATA[10]]>
              </value>
            </param>
            <param index="2">
              <value>
                <![CDATA[Firefox]]>
              </value>
            </param>
            <param index="3">
              <value>
                <![CDATA[latest]]>
              </value>
            </param>
            <param index="4">
              <value>
                <![CDATA[]]>
              </value>
            </param>
            <param index="5">
              <value>
                <![CDATA[]]>
              </value>
            </param>
          </params>
          <reporter-output>
          </reporter-output>
        </test-method> <!-- setUp -->
        <test-method signature="testScrapeElPaisOpinionOnBrowserStack()[pri:0, instance:BrowserStack.ElPaisTest.BrowserStackExampleTest@1cf6d1be]" started-at="2024-12-25T19:16:24 IST" name="testScrapeElPaisOpinionOnBrowserStack" finished-at="2024-12-25T19:16:31 IST" duration-ms="7399" status="PASS">
          <reporter-output>
          </reporter-output>
        </test-method> <!-- testScrapeElPaisOpinionOnBrowserStack -->
        <test-method is-config="true" signature="tearDown()[pri:0, instance:BrowserStack.ElPaisTest.BrowserStackExampleTest@1cf6d1be]" started-at="2024-12-25T19:16:31 IST" name="tearDown" finished-at="2024-12-25T19:16:33 IST" duration-ms="1262" status="PASS">
          <reporter-output>
          </reporter-output>
        </test-method> <!-- tearDown -->
      </class> <!-- BrowserStack.ElPaisTest.BrowserStackExampleTest -->
    </test> <!-- Firefox_Win10 -->
    <test started-at="2024-12-25T19:16:12 IST" name="Chrome_Win10" finished-at="2024-12-25T19:16:33 IST" duration-ms="20974">
      <class name="BrowserStack.ElPaisTest.BrowserStackExampleTest">
        <test-method is-config="true" signature="setUp(java.lang.String,java.lang.String,java.lang.String,java.lang.String,java.lang.String,java.lang.String)[pri:0, instance:BrowserStack.ElPaisTest.BrowserStackExampleTest@771a660]" started-at="2024-12-25T19:16:12 IST" name="setUp" finished-at="2024-12-25T19:16:18 IST" duration-ms="6486" status="PASS">
          <params>
            <param index="0">
              <value>
                <![CDATA[Windows]]>
              </value>
            </param>
            <param index="1">
              <value>
                <![CDATA[10]]>
              </value>
            </param>
            <param index="2">
              <value>
                <![CDATA[Chrome]]>
              </value>
            </param>
            <param index="3">
              <value>
                <![CDATA[latest]]>
              </value>
            </param>
            <param index="4">
              <value>
                <![CDATA[]]>
              </value>
            </param>
            <param index="5">
              <value>
                <![CDATA[]]>
              </value>
            </param>
          </params>
          <reporter-output>
          </reporter-output>
        </test-method> <!-- setUp -->
        <test-method signature="testScrapeElPaisOpinionOnBrowserStack()[pri:0, instance:BrowserStack.ElPaisTest.BrowserStackExampleTest@771a660]" started-at="2024-12-25T19:16:18 IST" name="testScrapeElPaisOpinionOnBrowserStack" finished-at="2024-12-25T19:16:31 IST" duration-ms="12942" status="PASS">
          <reporter-output>
          </reporter-output>
        </test-method> <!-- testScrapeElPaisOpinionOnBrowserStack -->
        <test-method is-config="true" signature="tearDown()[pri:0, instance:BrowserStack.ElPaisTest.BrowserStackExampleTest@771a660]" started-at="2024-12-25T19:16:31 IST" name="tearDown" finished-at="2024-12-25T19:16:33 IST" duration-ms="1491" status="PASS">
          <reporter-output>
          </reporter-output>
        </test-method> <!-- tearDown -->
      </class> <!-- BrowserStack.ElPaisTest.BrowserStackExampleTest -->
    </test> <!-- Chrome_Win10 -->
    <test started-at="2024-12-25T19:16:33 IST" name="Safari_macOS" finished-at="2024-12-25T19:16:45 IST" duration-ms="12773">
      <class name="BrowserStack.ElPaisTest.BrowserStackExampleTest">
        <test-method is-config="true" signature="setUp(java.lang.String,java.lang.String,java.lang.String,java.lang.String,java.lang.String,java.lang.String)[pri:0, instance:BrowserStack.ElPaisTest.BrowserStackExampleTest@5149d738]" started-at="2024-12-25T19:16:33 IST" name="setUp" finished-at="2024-12-25T19:16:37 IST" duration-ms="4370" status="PASS">
          <params>
            <param index="0">
              <value>
                <![CDATA[OS X]]>
              </value>
            </param>
            <param index="1">
              <value>
                <![CDATA[Monterey]]>
              </value>
            </param>
            <param index="2">
              <value>
                <![CDATA[Safari]]>
              </value>
            </param>
            <param index="3">
              <value>
                <![CDATA[latest]]>
              </value>
            </param>
            <param index="4">
              <value>
                <![CDATA[]]>
              </value>
            </param>
            <param index="5">
              <value>
                <![CDATA[]]>
              </value>
            </param>
          </params>
          <reporter-output>
          </reporter-output>
        </test-method> <!-- setUp -->
        <test-method signature="testScrapeElPaisOpinionOnBrowserStack()[pri:0, instance:BrowserStack.ElPaisTest.BrowserStackExampleTest@5149d738]" started-at="2024-12-25T19:16:37 IST" name="testScrapeElPaisOpinionOnBrowserStack" finished-at="2024-12-25T19:16:44 IST" duration-ms="6899" status="PASS">
          <reporter-output>
          </reporter-output>
        </test-method> <!-- testScrapeElPaisOpinionOnBrowserStack -->
        <test-method is-config="true" signature="tearDown()[pri:0, instance:BrowserStack.ElPaisTest.BrowserStackExampleTest@5149d738]" started-at="2024-12-25T19:16:44 IST" name="tearDown" finished-at="2024-12-25T19:16:45 IST" duration-ms="1498" status="PASS">
          <reporter-output>
          </reporter-output>
        </test-method> <!-- tearDown -->
      </class> <!-- BrowserStack.ElPaisTest.BrowserStackExampleTest -->
    </test> <!-- Safari_macOS -->
    <test started-at="2024-12-25T19:16:33 IST" name="iPhone_14" finished-at="2024-12-25T19:17:00 IST" duration-ms="27324">
      <class name="BrowserStack.ElPaisTest.BrowserStackExampleTest">
        <test-method is-config="true" signature="setUp(java.lang.String,java.lang.String,java.lang.String,java.lang.String,java.lang.String,java.lang.String)[pri:0, instance:BrowserStack.ElPaisTest.BrowserStackExampleTest@4b013c76]" started-at="2024-12-25T19:16:33 IST" name="setUp" finished-at="2024-12-25T19:16:52 IST" duration-ms="19123" status="PASS">
          <params>
            <param index="0">
              <value>
                <![CDATA[]]>
              </value>
            </param>
            <param index="1">
              <value>
                <![CDATA[]]>
              </value>
            </param>
            <param index="2">
              <value>
                <![CDATA[]]>
              </value>
            </param>
            <param index="3">
              <value>
                <![CDATA[]]>
              </value>
            </param>
            <param index="4">
              <value>
                <![CDATA[iPhone 14]]>
              </value>
            </param>
            <param index="5">
              <value>
                <![CDATA[true]]>
              </value>
            </param>
          </params>
          <reporter-output>
          </reporter-output>
        </test-method> <!-- setUp -->
        <test-method signature="testScrapeElPaisOpinionOnBrowserStack()[pri:0, instance:BrowserStack.ElPaisTest.BrowserStackExampleTest@4b013c76]" started-at="2024-12-25T19:16:52 IST" name="testScrapeElPaisOpinionOnBrowserStack" finished-at="2024-12-25T19:16:59 IST" duration-ms="6919" status="PASS">
          <reporter-output>
          </reporter-output>
        </test-method> <!-- testScrapeElPaisOpinionOnBrowserStack -->
        <test-method is-config="true" signature="tearDown()[pri:0, instance:BrowserStack.ElPaisTest.BrowserStackExampleTest@4b013c76]" started-at="2024-12-25T19:16:59 IST" name="tearDown" finished-at="2024-12-25T19:17:00 IST" duration-ms="1278" status="PASS">
          <reporter-output>
          </reporter-output>
        </test-method> <!-- tearDown -->
      </class> <!-- BrowserStack.ElPaisTest.BrowserStackExampleTest -->
    </test> <!-- iPhone_14 -->
    <test started-at="2024-12-25T19:16:45 IST" name="Galaxy_S23" finished-at="2024-12-25T19:17:06 IST" duration-ms="20047">
      <class name="BrowserStack.ElPaisTest.BrowserStackExampleTest">
        <test-method is-config="true" signature="setUp(java.lang.String,java.lang.String,java.lang.String,java.lang.String,java.lang.String,java.lang.String)[pri:0, instance:BrowserStack.ElPaisTest.BrowserStackExampleTest@7bba5817]" started-at="2024-12-25T19:16:45 IST" name="setUp" finished-at="2024-12-25T19:16:56 IST" duration-ms="10673" status="PASS">
          <params>
            <param index="0">
              <value>
                <![CDATA[]]>
              </value>
            </param>
            <param index="1">
              <value>
                <![CDATA[]]>
              </value>
            </param>
            <param index="2">
              <value>
                <![CDATA[]]>
              </value>
            </param>
            <param index="3">
              <value>
                <![CDATA[]]>
              </value>
            </param>
            <param index="4">
              <value>
                <![CDATA[Samsung Galaxy S23]]>
              </value>
            </param>
            <param index="5">
              <value>
                <![CDATA[true]]>
              </value>
            </param>
          </params>
          <reporter-output>
          </reporter-output>
        </test-method> <!-- setUp -->
        <test-method signature="testScrapeElPaisOpinionOnBrowserStack()[pri:0, instance:BrowserStack.ElPaisTest.BrowserStackExampleTest@7bba5817]" started-at="2024-12-25T19:16:56 IST" name="testScrapeElPaisOpinionOnBrowserStack" finished-at="2024-12-25T19:17:04 IST" duration-ms="7965" status="PASS">
          <reporter-output>
          </reporter-output>
        </test-method> <!-- testScrapeElPaisOpinionOnBrowserStack -->
        <test-method is-config="true" signature="tearDown()[pri:0, instance:BrowserStack.ElPaisTest.BrowserStackExampleTest@7bba5817]" started-at="2024-12-25T19:17:04 IST" name="tearDown" finished-at="2024-12-25T19:17:06 IST" duration-ms="1405" status="PASS">
          <reporter-output>
          </reporter-output>
        </test-method> <!-- tearDown -->
      </class> <!-- BrowserStack.ElPaisTest.BrowserStackExampleTest -->
    </test> <!-- Galaxy_S23 -->
  </suite> <!-- ElPaisTestSuite -->
</testng-results>
